2024-06-20 11:16:09 DEBUG LogFactory:109 - Logging initialized using 'class org.apache.ibatis.logging.slf4j.Slf4jImpl' adapter.
2024-06-20 11:16:09 DEBUG PooledDataSource:373 - PooledDataSource forcefully closed/removed all connections.
2024-06-20 11:16:09 DEBUG PooledDataSource:373 - PooledDataSource forcefully closed/removed all connections.
2024-06-20 11:16:09 DEBUG PooledDataSource:373 - PooledDataSource forcefully closed/removed all connections.
2024-06-20 11:16:09 DEBUG PooledDataSource:373 - PooledDataSource forcefully closed/removed all connections.
2024-06-20 11:16:09 INFO  BoardDaoImpl:22 - BoardDaoImpl selectAllBoard
2024-06-20 11:16:09 DEBUG JdbcTransaction:143 - Opening JDBC Connection
2024-06-20 11:16:09 DEBUG PooledDataSource:448 - Created connection 704106237.
2024-06-20 11:16:09 DEBUG JdbcTransaction:107 - Setting autocommit to false on JDBC Connection [oracle.jdbc.driver.T4CConnection@29f7cefd]
2024-06-20 11:16:09 DEBUG selectAllBoard:137 - ==>  Preparing: SELECT SEQ, ID, TITLE, CONTENT, DELFLAG, CREATEAT FROM( SELECT SEQ, ID, TITLE, CONTENT, DELFLAG, TO_CHAR(CREATEAT, 'YYYY-MM-DD HH:MI:SS') AS CREATEAT, ROW_NUMBER() OVER(ORDER BY SEQ DESC) RN FROM EDUBOARD ) WHERE RN BETWEEN ? AND ?
2024-06-20 11:16:09 DEBUG selectAllBoard:137 - ==> Parameters: 1(Integer), 5(Integer)
2024-06-20 11:16:09 TRACE selectAllBoard:143 - <==    Columns: SEQ, ID, TITLE, CONTENT, DELFLAG, CREATEAT
2024-06-20 11:16:09 TRACE selectAllBoard:143 - <==        Row: 39, ADMIN, í—¤í—¤, ë°”ë³´ìžì‹ ë©”ë¡±, N, 2024-06-19 12:38:21
2024-06-20 11:16:09 TRACE selectAllBoard:143 - <==        Row: 38, ë°”ë³´, ddd, dd, N, 2024-06-19 11:52:22
2024-06-20 11:16:09 TRACE selectAllBoard:143 - <==        Row: 37, ë°”ë³´, ê¸€ì œëª©, ê¸€ë‚´ìš©, Y, 2024-06-19 09:21:28
2024-06-20 11:16:09 TRACE selectAllBoard:143 - <==        Row: 36, ë°”ë³´, ê¸€ì œëª©, ê¸€ë‚´ìš©, Y, 2024-06-19 09:21:27
2024-06-20 11:16:09 TRACE selectAllBoard:143 - <==        Row: 35, ë°”ë³´, ê¸€ì œëª©, ê¸€ë‚´ìš©, Y, 2024-06-19 09:21:26
2024-06-20 11:16:09 DEBUG selectAllBoard:137 - <==      Total: 5
2024-06-20 11:17:22 DEBUG LogFactory:109 - Logging initialized using 'class org.apache.ibatis.logging.slf4j.Slf4jImpl' adapter.
2024-06-20 11:17:22 DEBUG PooledDataSource:373 - PooledDataSource forcefully closed/removed all connections.
2024-06-20 11:17:22 DEBUG PooledDataSource:373 - PooledDataSource forcefully closed/removed all connections.
2024-06-20 11:17:22 DEBUG PooledDataSource:373 - PooledDataSource forcefully closed/removed all connections.
2024-06-20 11:17:22 DEBUG PooledDataSource:373 - PooledDataSource forcefully closed/removed all connections.
2024-06-20 11:17:22 INFO  UserInfoDaoImpl:22 - UserInfoDaoImpl ë¡œê·¸ì¸ : {pw=1234, id=ë°”ë³´}
2024-06-20 11:17:22 DEBUG JdbcTransaction:143 - Opening JDBC Connection
2024-06-20 11:17:22 DEBUG PooledDataSource:448 - Created connection 304354378.
2024-06-20 11:17:22 DEBUG JdbcTransaction:107 - Setting autocommit to false on JDBC Connection [oracle.jdbc.driver.T4CConnection@1224144a]
2024-06-20 11:17:22 DEBUG login:137 - ==>  Preparing: SELECT ID, PASSWORD , NAME , PHONE , ENABLE ,AUTH FROM EMPINFO e WHERE e.ID = ? AND PASSWORD = ?
2024-06-20 11:17:22 DEBUG login:137 - ==> Parameters: ë°”ë³´(String), 1234(String)
2024-06-20 11:17:22 TRACE login:143 - <==    Columns: ID, PASSWORD, NAME, PHONE, ENABLE, AUTH
2024-06-20 11:17:22 TRACE login:143 - <==        Row: ë°”ë³´, 1234, ë°”ë³´ì„¸ì›…, 000-111-1111, Y, U
2024-06-20 11:17:22 DEBUG login:137 - <==      Total: 1
2024-06-20 11:24:05 DEBUG LogFactory:109 - Logging initialized using 'class org.apache.ibatis.logging.slf4j.Slf4jImpl' adapter.
2024-06-20 11:24:05 DEBUG PooledDataSource:373 - PooledDataSource forcefully closed/removed all connections.
2024-06-20 11:24:05 DEBUG PooledDataSource:373 - PooledDataSource forcefully closed/removed all connections.
2024-06-20 11:24:05 DEBUG PooledDataSource:373 - PooledDataSource forcefully closed/removed all connections.
2024-06-20 11:24:05 DEBUG PooledDataSource:373 - PooledDataSource forcefully closed/removed all connections.
2024-06-20 11:24:05 INFO  UserInfoDaoImpl:29 - insertUser íšŒì›ê°€ìž… : EmpInfoDto(id=ë°”ë³´2, password=1234, name=ë©”ë¡±, phone=000, enable=null, auth=null, photo=8515f0ccac964d96b79fa164999f82a9.png)
2024-06-20 11:24:05 DEBUG JdbcTransaction:143 - Opening JDBC Connection
2024-06-20 11:24:06 DEBUG PooledDataSource:448 - Created connection 1236444285.
2024-06-20 11:24:06 DEBUG JdbcTransaction:107 - Setting autocommit to false on JDBC Connection [oracle.jdbc.driver.T4CConnection@49b2a47d]
2024-06-20 11:24:06 DEBUG insertUser:137 - ==>  Preparing: INSERT INTO EMPINFO e (ID, PASSWORD, NAME, PHONE, ENABLE , AUTH, PHOTO) VALUES(?, ?, ?, ?, 'D', 'USER', ?)
2024-06-20 11:24:06 DEBUG insertUser:137 - ==> Parameters: ë°”ë³´2(String), 1234(String), ë©”ë¡±(String), 000(String), 8515f0ccac964d96b79fa164999f82a9.png(String)
2024-06-20 11:24:06 DEBUG insertUser:137 - <==    Updates: 1
2024-06-20 11:25:04 DEBUG LogFactory:109 - Logging initialized using 'class org.apache.ibatis.logging.slf4j.Slf4jImpl' adapter.
2024-06-20 11:25:04 DEBUG PooledDataSource:373 - PooledDataSource forcefully closed/removed all connections.
2024-06-20 11:25:04 DEBUG PooledDataSource:373 - PooledDataSource forcefully closed/removed all connections.
2024-06-20 11:25:04 DEBUG PooledDataSource:373 - PooledDataSource forcefully closed/removed all connections.
2024-06-20 11:25:04 DEBUG PooledDataSource:373 - PooledDataSource forcefully closed/removed all connections.
2024-06-20 11:25:04 INFO  UserInfoDaoImpl:29 - insertUser íšŒì›ê°€ìž… : EmpInfoDto(id=ë°”ë³´2, password=1234, name=ë©”ë¡±, phone=000, enable=null, auth=null, photo=8515f0ccac964d96b79fa164999f82a9.png)
2024-06-20 11:25:04 DEBUG JdbcTransaction:143 - Opening JDBC Connection
2024-06-20 11:25:05 DEBUG PooledDataSource:448 - Created connection 1236444285.
2024-06-20 11:25:05 DEBUG insertUser:137 - ==>  Preparing: INSERT INTO EMPINFO e (ID, PASSWORD, NAME, PHONE, ENABLE , AUTH, PHOTO) VALUES(?, ?, ?, ?, 'D', 'USER', ?)
2024-06-20 11:25:05 DEBUG insertUser:137 - ==> Parameters: ë°”ë³´2(String), 1234(String), ë©”ë¡±(String), 000(String), 8515f0ccac964d96b79fa164999f82a9.png(String)
2024-06-20 11:25:05 DEBUG insertUser:137 - <==    Updates: 1
2024-06-20 11:27:22 DEBUG LogFactory:109 - Logging initialized using 'class org.apache.ibatis.logging.slf4j.Slf4jImpl' adapter.
2024-06-20 11:27:22 DEBUG PooledDataSource:373 - PooledDataSource forcefully closed/removed all connections.
2024-06-20 11:27:22 DEBUG PooledDataSource:373 - PooledDataSource forcefully closed/removed all connections.
2024-06-20 11:27:22 DEBUG PooledDataSource:373 - PooledDataSource forcefully closed/removed all connections.
2024-06-20 11:27:22 DEBUG PooledDataSource:373 - PooledDataSource forcefully closed/removed all connections.
2024-06-20 11:27:22 INFO  UserInfoDaoImpl:36 - duplicateId ì•„ì´ë”” ì¤‘ë³µì²´í¬ :ë°”ë³´
2024-06-20 11:27:22 DEBUG JdbcTransaction:143 - Opening JDBC Connection
2024-06-20 11:27:22 DEBUG PooledDataSource:448 - Created connection 257459516.
2024-06-20 11:27:22 DEBUG JdbcTransaction:107 - Setting autocommit to false on JDBC Connection [oracle.jdbc.driver.T4CConnection@f58853c]
2024-06-20 11:27:22 DEBUG duplicateId:137 - ==>  Preparing: SELECT * FROM EMPINFO e WHERE ID = ?
2024-06-20 11:27:23 DEBUG duplicateId:137 - ==> Parameters: ë°”ë³´(String)
2024-06-20 11:28:02 DEBUG LogFactory:109 - Logging initialized using 'class org.apache.ibatis.logging.slf4j.Slf4jImpl' adapter.
2024-06-20 11:28:02 DEBUG PooledDataSource:373 - PooledDataSource forcefully closed/removed all connections.
2024-06-20 11:28:02 DEBUG PooledDataSource:373 - PooledDataSource forcefully closed/removed all connections.
2024-06-20 11:28:02 DEBUG PooledDataSource:373 - PooledDataSource forcefully closed/removed all connections.
2024-06-20 11:28:02 DEBUG PooledDataSource:373 - PooledDataSource forcefully closed/removed all connections.
2024-06-20 11:28:02 INFO  UserInfoDaoImpl:36 - duplicateId ì•„ì´ë”” ì¤‘ë³µì²´í¬ :ë°”ë³´
2024-06-20 11:28:02 DEBUG JdbcTransaction:143 - Opening JDBC Connection
2024-06-20 11:28:03 DEBUG PooledDataSource:448 - Created connection 257459516.
2024-06-20 11:28:03 DEBUG JdbcTransaction:107 - Setting autocommit to false on JDBC Connection [oracle.jdbc.driver.T4CConnection@f58853c]
2024-06-20 11:28:03 DEBUG duplicateId:137 - ==>  Preparing: SELECT ID FROM EMPINFO e WHERE ID = ?
2024-06-20 11:28:03 DEBUG duplicateId:137 - ==> Parameters: ë°”ë³´(String)
2024-06-20 11:30:40 DEBUG LogFactory:109 - Logging initialized using 'class org.apache.ibatis.logging.slf4j.Slf4jImpl' adapter.
2024-06-20 11:30:40 DEBUG PooledDataSource:373 - PooledDataSource forcefully closed/removed all connections.
2024-06-20 11:30:40 DEBUG PooledDataSource:373 - PooledDataSource forcefully closed/removed all connections.
2024-06-20 11:30:40 DEBUG PooledDataSource:373 - PooledDataSource forcefully closed/removed all connections.
2024-06-20 11:30:40 DEBUG PooledDataSource:373 - PooledDataSource forcefully closed/removed all connections.
2024-06-20 11:30:40 INFO  UserInfoDaoImpl:36 - duplicateId ì•„ì´ë”” ì¤‘ë³µì²´í¬ :ë°”ë³´
2024-06-20 11:30:40 DEBUG JdbcTransaction:143 - Opening JDBC Connection
2024-06-20 11:30:40 DEBUG PooledDataSource:448 - Created connection 257459516.
2024-06-20 11:30:40 DEBUG JdbcTransaction:107 - Setting autocommit to false on JDBC Connection [oracle.jdbc.driver.T4CConnection@f58853c]
2024-06-20 11:30:40 DEBUG duplicateId:137 - ==>  Preparing: SELECT ID FROM EMPINFO e WHERE ID = ?
2024-06-20 11:30:40 DEBUG duplicateId:137 - ==> Parameters: ë°”ë³´(String)
2024-06-20 11:31:02 DEBUG LogFactory:109 - Logging initialized using 'class org.apache.ibatis.logging.slf4j.Slf4jImpl' adapter.
2024-06-20 11:31:02 DEBUG PooledDataSource:373 - PooledDataSource forcefully closed/removed all connections.
2024-06-20 11:31:02 DEBUG PooledDataSource:373 - PooledDataSource forcefully closed/removed all connections.
2024-06-20 11:31:02 DEBUG PooledDataSource:373 - PooledDataSource forcefully closed/removed all connections.
2024-06-20 11:31:02 DEBUG PooledDataSource:373 - PooledDataSource forcefully closed/removed all connections.
2024-06-20 11:31:02 INFO  UserInfoDaoImpl:36 - duplicateId ì•„ì´ë”” ì¤‘ë³µì²´í¬ :ë°”ë³´
2024-06-20 11:31:02 DEBUG JdbcTransaction:143 - Opening JDBC Connection
2024-06-20 11:31:02 DEBUG PooledDataSource:448 - Created connection 257459516.
2024-06-20 11:31:02 DEBUG JdbcTransaction:107 - Setting autocommit to false on JDBC Connection [oracle.jdbc.driver.T4CConnection@f58853c]
2024-06-20 11:31:02 DEBUG duplicateId:137 - ==>  Preparing: SELECT ID FROM EMPINFO e WHERE ID = ?
2024-06-20 11:31:02 DEBUG duplicateId:137 - ==> Parameters: ë°”ë³´(String)
2024-06-20 11:32:49 DEBUG LogFactory:109 - Logging initialized using 'class org.apache.ibatis.logging.slf4j.Slf4jImpl' adapter.
2024-06-20 11:32:49 DEBUG PooledDataSource:373 - PooledDataSource forcefully closed/removed all connections.
2024-06-20 11:32:49 DEBUG PooledDataSource:373 - PooledDataSource forcefully closed/removed all connections.
2024-06-20 11:32:49 DEBUG PooledDataSource:373 - PooledDataSource forcefully closed/removed all connections.
2024-06-20 11:32:49 DEBUG PooledDataSource:373 - PooledDataSource forcefully closed/removed all connections.
2024-06-20 11:32:49 INFO  UserInfoDaoImpl:36 - duplicateId ì•„ì´ë”” ì¤‘ë³µì²´í¬ :ë°”ë³´
2024-06-20 11:32:49 DEBUG JdbcTransaction:143 - Opening JDBC Connection
2024-06-20 11:32:49 DEBUG PooledDataSource:448 - Created connection 257459516.
2024-06-20 11:32:49 DEBUG JdbcTransaction:107 - Setting autocommit to false on JDBC Connection [oracle.jdbc.driver.T4CConnection@f58853c]
2024-06-20 11:32:49 DEBUG duplicateId:137 - ==>  Preparing: SELECT ID FROM EMPINFO e WHERE ID = ?
2024-06-20 11:32:50 DEBUG duplicateId:137 - ==> Parameters: ë°”ë³´(String)
2024-06-20 11:32:50 TRACE duplicateId:143 - <==    Columns: ID
2024-06-20 11:32:50 TRACE duplicateId:143 - <==        Row: ë°”ë³´
2024-06-20 11:32:50 DEBUG duplicateId:137 - <==      Total: 1
2024-06-20 11:33:52 DEBUG LogFactory:109 - Logging initialized using 'class org.apache.ibatis.logging.slf4j.Slf4jImpl' adapter.
2024-06-20 11:33:52 DEBUG PooledDataSource:373 - PooledDataSource forcefully closed/removed all connections.
2024-06-20 11:33:52 DEBUG PooledDataSource:373 - PooledDataSource forcefully closed/removed all connections.
2024-06-20 11:33:52 DEBUG PooledDataSource:373 - PooledDataSource forcefully closed/removed all connections.
2024-06-20 11:33:52 DEBUG PooledDataSource:373 - PooledDataSource forcefully closed/removed all connections.
2024-06-20 11:33:52 INFO  UserInfoDaoImpl:36 - duplicateId ì•„ì´ë”” ì¤‘ë³µì²´í¬ :ë°”ë³´
2024-06-20 11:33:52 DEBUG JdbcTransaction:143 - Opening JDBC Connection
2024-06-20 11:33:52 DEBUG PooledDataSource:448 - Created connection 257459516.
2024-06-20 11:33:52 DEBUG JdbcTransaction:107 - Setting autocommit to false on JDBC Connection [oracle.jdbc.driver.T4CConnection@f58853c]
2024-06-20 11:33:52 DEBUG duplicateId:137 - ==>  Preparing: SELECT ID FROM EMPINFO e WHERE ID = ?
2024-06-20 11:33:52 DEBUG duplicateId:137 - ==> Parameters: ë°”ë³´(String)
2024-06-20 11:33:52 TRACE duplicateId:143 - <==    Columns: ID
2024-06-20 11:33:52 TRACE duplicateId:143 - <==        Row: ë°”ë³´
2024-06-20 11:33:52 DEBUG duplicateId:137 - <==      Total: 1
2024-06-20 11:35:45 DEBUG LogFactory:109 - Logging initialized using 'class org.apache.ibatis.logging.slf4j.Slf4jImpl' adapter.
2024-06-20 11:35:45 DEBUG PooledDataSource:373 - PooledDataSource forcefully closed/removed all connections.
2024-06-20 11:35:45 DEBUG PooledDataSource:373 - PooledDataSource forcefully closed/removed all connections.
2024-06-20 11:35:45 DEBUG PooledDataSource:373 - PooledDataSource forcefully closed/removed all connections.
2024-06-20 11:35:45 DEBUG PooledDataSource:373 - PooledDataSource forcefully closed/removed all connections.
2024-06-20 11:35:45 INFO  UserInfoDaoImpl:36 - duplicateId ì•„ì´ë”” ì¤‘ë³µì²´í¬ :ADMIN
2024-06-20 11:35:45 DEBUG JdbcTransaction:143 - Opening JDBC Connection
2024-06-20 11:35:45 DEBUG PooledDataSource:448 - Created connection 257459516.
2024-06-20 11:35:45 DEBUG JdbcTransaction:107 - Setting autocommit to false on JDBC Connection [oracle.jdbc.driver.T4CConnection@f58853c]
2024-06-20 11:35:45 DEBUG duplicateId:137 - ==>  Preparing: SELECT ID FROM EMPINFO e WHERE ID = ?
2024-06-20 11:35:45 DEBUG duplicateId:137 - ==> Parameters: ADMIN(String)
2024-06-20 11:35:45 TRACE duplicateId:143 - <==    Columns: ID
2024-06-20 11:35:45 TRACE duplicateId:143 - <==        Row: ADMIN
2024-06-20 11:35:45 DEBUG duplicateId:137 - <==      Total: 1
2024-06-20 11:38:10 DEBUG LogFactory:109 - Logging initialized using 'class org.apache.ibatis.logging.slf4j.Slf4jImpl' adapter.
2024-06-20 11:38:10 DEBUG PooledDataSource:373 - PooledDataSource forcefully closed/removed all connections.
2024-06-20 11:38:10 DEBUG PooledDataSource:373 - PooledDataSource forcefully closed/removed all connections.
2024-06-20 11:38:10 DEBUG PooledDataSource:373 - PooledDataSource forcefully closed/removed all connections.
2024-06-20 11:38:10 DEBUG PooledDataSource:373 - PooledDataSource forcefully closed/removed all connections.
2024-06-20 11:38:10 INFO  UserInfoDaoImpl:36 - duplicateId ì•„ì´ë”” ì¤‘ë³µì²´í¬ :ë°”ë³´
2024-06-20 11:38:10 DEBUG JdbcTransaction:143 - Opening JDBC Connection
2024-06-20 11:38:10 DEBUG PooledDataSource:448 - Created connection 257459516.
2024-06-20 11:38:10 DEBUG JdbcTransaction:107 - Setting autocommit to false on JDBC Connection [oracle.jdbc.driver.T4CConnection@f58853c]
2024-06-20 11:38:10 DEBUG duplicateId:137 - ==>  Preparing: SELECT ID FROM EMPINFO e WHERE ID = ?
2024-06-20 11:38:10 DEBUG duplicateId:137 - ==> Parameters: ë°”ë³´(String)
2024-06-20 11:38:10 TRACE duplicateId:143 - <==    Columns: ID
2024-06-20 11:38:10 TRACE duplicateId:143 - <==        Row: ë°”ë³´
2024-06-20 11:38:10 DEBUG duplicateId:137 - <==      Total: 1
2024-06-20 11:41:40 DEBUG LogFactory:109 - Logging initialized using 'class org.apache.ibatis.logging.slf4j.Slf4jImpl' adapter.
2024-06-20 11:41:40 DEBUG PooledDataSource:373 - PooledDataSource forcefully closed/removed all connections.
2024-06-20 11:41:40 DEBUG PooledDataSource:373 - PooledDataSource forcefully closed/removed all connections.
2024-06-20 11:41:40 DEBUG PooledDataSource:373 - PooledDataSource forcefully closed/removed all connections.
2024-06-20 11:41:40 DEBUG PooledDataSource:373 - PooledDataSource forcefully closed/removed all connections.
2024-06-20 11:41:40 INFO  UserInfoDaoImpl:43 - userListSelectAll ìœ ì € ì •ë³´ ì¡°íšŒ : {start=1, end=5}
2024-06-20 11:41:40 DEBUG JdbcTransaction:143 - Opening JDBC Connection
2024-06-20 11:41:40 DEBUG PooledDataSource:448 - Created connection 304354378.
2024-06-20 11:41:40 DEBUG JdbcTransaction:107 - Setting autocommit to false on JDBC Connection [oracle.jdbc.driver.T4CConnection@1224144a]
2024-06-20 11:41:40 DEBUG userListSelectAll:137 - ==>  Preparing: SELECT ID, PASSWORD , NAME , PHONE , ENABLE , AUTH FROM(SELECT ID, PASSWORD , NAME , PHONE , ENABLE , AUTH, ROW_NUMBER() OVER(ORDER BY ID) RN FROM EMPINFO) WHERE RN BETWEEN ? AND ?
2024-06-20 11:42:04 DEBUG LogFactory:109 - Logging initialized using 'class org.apache.ibatis.logging.slf4j.Slf4jImpl' adapter.
2024-06-20 11:42:04 DEBUG PooledDataSource:373 - PooledDataSource forcefully closed/removed all connections.
2024-06-20 11:42:04 DEBUG PooledDataSource:373 - PooledDataSource forcefully closed/removed all connections.
2024-06-20 11:42:04 DEBUG PooledDataSource:373 - PooledDataSource forcefully closed/removed all connections.
2024-06-20 11:42:04 DEBUG PooledDataSource:373 - PooledDataSource forcefully closed/removed all connections.
2024-06-20 11:42:04 INFO  UserInfoDaoImpl:43 - userListSelectAll ìœ ì € ì •ë³´ ì¡°íšŒ : {last=5, start=1}
2024-06-20 11:42:04 DEBUG JdbcTransaction:143 - Opening JDBC Connection
2024-06-20 11:42:04 DEBUG PooledDataSource:448 - Created connection 304354378.
2024-06-20 11:42:04 DEBUG JdbcTransaction:107 - Setting autocommit to false on JDBC Connection [oracle.jdbc.driver.T4CConnection@1224144a]
2024-06-20 11:42:04 DEBUG userListSelectAll:137 - ==>  Preparing: SELECT ID, PASSWORD , NAME , PHONE , ENABLE , AUTH FROM(SELECT ID, PASSWORD , NAME , PHONE , ENABLE , AUTH, ROW_NUMBER() OVER(ORDER BY ID) RN FROM EMPINFO) WHERE RN BETWEEN ? AND ?
2024-06-20 11:42:04 DEBUG userListSelectAll:137 - ==> Parameters: 1(Integer), 5(Integer)
2024-06-20 11:43:03 DEBUG LogFactory:109 - Logging initialized using 'class org.apache.ibatis.logging.slf4j.Slf4jImpl' adapter.
2024-06-20 11:43:03 DEBUG PooledDataSource:373 - PooledDataSource forcefully closed/removed all connections.
2024-06-20 11:43:03 DEBUG PooledDataSource:373 - PooledDataSource forcefully closed/removed all connections.
2024-06-20 11:43:03 DEBUG PooledDataSource:373 - PooledDataSource forcefully closed/removed all connections.
2024-06-20 11:43:03 DEBUG PooledDataSource:373 - PooledDataSource forcefully closed/removed all connections.
2024-06-20 11:43:03 INFO  UserInfoDaoImpl:43 - userListSelectAll ìœ ì € ì •ë³´ ì¡°íšŒ : {last=5, start=1}
2024-06-20 11:43:03 DEBUG JdbcTransaction:143 - Opening JDBC Connection
2024-06-20 11:43:03 DEBUG PooledDataSource:448 - Created connection 304354378.
2024-06-20 11:43:03 DEBUG JdbcTransaction:107 - Setting autocommit to false on JDBC Connection [oracle.jdbc.driver.T4CConnection@1224144a]
2024-06-20 11:43:03 DEBUG userListSelectAll:137 - ==>  Preparing: SELECT ID, PASSWORD , NAME , PHONE , ENABLE , AUTH FROM(SELECT ID, PASSWORD , NAME , PHONE , ENABLE , AUTH, ROW_NUMBER() OVER(ORDER BY ID) RN FROM EMPINFO) WHERE RN BETWEEN ? AND ?
2024-06-20 11:43:03 DEBUG userListSelectAll:137 - ==> Parameters: 1(Integer), 5(Integer)
2024-06-20 11:43:03 TRACE userListSelectAll:143 - <==    Columns: ID, PASSWORD, NAME, PHONE, ENABLE, AUTH
2024-06-20 11:43:03 TRACE userListSelectAll:143 - <==        Row: ADMIN, ADMIN, ê´€ë¦¬ìž, 000-111-1000, Y, A
2024-06-20 11:43:03 TRACE userListSelectAll:143 - <==        Row: ë°”ë³´, 1234, ë°”ë³´ì„¸ì›…, 000-111-1111, Y, U
2024-06-20 11:43:03 TRACE userListSelectAll:143 - <==        Row: ë°”ë³´2, 1234, ë©”ë¡±, 000, D, USER
2024-06-20 11:43:03 DEBUG userListSelectAll:137 - <==      Total: 3
2024-06-20 11:44:40 DEBUG LogFactory:109 - Logging initialized using 'class org.apache.ibatis.logging.slf4j.Slf4jImpl' adapter.
2024-06-20 11:44:40 DEBUG PooledDataSource:373 - PooledDataSource forcefully closed/removed all connections.
2024-06-20 11:44:40 DEBUG PooledDataSource:373 - PooledDataSource forcefully closed/removed all connections.
2024-06-20 11:44:40 DEBUG PooledDataSource:373 - PooledDataSource forcefully closed/removed all connections.
2024-06-20 11:44:40 DEBUG PooledDataSource:373 - PooledDataSource forcefully closed/removed all connections.
2024-06-20 11:44:40 INFO  UserInfoDaoImpl:50 - userTotalCount
2024-06-20 11:45:49 DEBUG LogFactory:109 - Logging initialized using 'class org.apache.ibatis.logging.slf4j.Slf4jImpl' adapter.
2024-06-20 11:45:49 DEBUG PooledDataSource:373 - PooledDataSource forcefully closed/removed all connections.
2024-06-20 11:45:49 DEBUG PooledDataSource:373 - PooledDataSource forcefully closed/removed all connections.
2024-06-20 11:45:49 DEBUG PooledDataSource:373 - PooledDataSource forcefully closed/removed all connections.
2024-06-20 11:45:49 DEBUG PooledDataSource:373 - PooledDataSource forcefully closed/removed all connections.
2024-06-20 11:45:49 INFO  UserInfoDaoImpl:50 - userTotalCount
2024-06-20 11:47:41 DEBUG LogFactory:109 - Logging initialized using 'class org.apache.ibatis.logging.slf4j.Slf4jImpl' adapter.
2024-06-20 11:47:41 DEBUG PooledDataSource:373 - PooledDataSource forcefully closed/removed all connections.
2024-06-20 11:47:41 DEBUG PooledDataSource:373 - PooledDataSource forcefully closed/removed all connections.
2024-06-20 11:47:41 DEBUG PooledDataSource:373 - PooledDataSource forcefully closed/removed all connections.
2024-06-20 11:47:41 DEBUG PooledDataSource:373 - PooledDataSource forcefully closed/removed all connections.
2024-06-20 11:47:41 INFO  UserInfoDaoImpl:50 - userTotalCount
2024-06-20 11:48:40 DEBUG LogFactory:109 - Logging initialized using 'class org.apache.ibatis.logging.slf4j.Slf4jImpl' adapter.
2024-06-20 11:48:40 DEBUG PooledDataSource:373 - PooledDataSource forcefully closed/removed all connections.
2024-06-20 11:48:40 DEBUG PooledDataSource:373 - PooledDataSource forcefully closed/removed all connections.
2024-06-20 11:48:40 DEBUG PooledDataSource:373 - PooledDataSource forcefully closed/removed all connections.
2024-06-20 11:48:40 DEBUG PooledDataSource:373 - PooledDataSource forcefully closed/removed all connections.
2024-06-20 11:48:40 INFO  UserInfoDaoImpl:50 - userTotalCount
2024-06-20 11:49:14 DEBUG LogFactory:109 - Logging initialized using 'class org.apache.ibatis.logging.slf4j.Slf4jImpl' adapter.
2024-06-20 11:49:14 DEBUG PooledDataSource:373 - PooledDataSource forcefully closed/removed all connections.
2024-06-20 11:49:14 DEBUG PooledDataSource:373 - PooledDataSource forcefully closed/removed all connections.
2024-06-20 11:49:14 DEBUG PooledDataSource:373 - PooledDataSource forcefully closed/removed all connections.
2024-06-20 11:49:14 DEBUG PooledDataSource:373 - PooledDataSource forcefully closed/removed all connections.
2024-06-20 11:49:14 INFO  UserInfoDaoImpl:50 - userTotalCount
2024-06-20 11:59:31 DEBUG LogFactory:109 - Logging initialized using 'class org.apache.ibatis.logging.slf4j.Slf4jImpl' adapter.
2024-06-20 11:59:31 DEBUG PooledDataSource:373 - PooledDataSource forcefully closed/removed all connections.
2024-06-20 11:59:31 DEBUG PooledDataSource:373 - PooledDataSource forcefully closed/removed all connections.
2024-06-20 11:59:31 DEBUG PooledDataSource:373 - PooledDataSource forcefully closed/removed all connections.
2024-06-20 11:59:31 DEBUG PooledDataSource:373 - PooledDataSource forcefully closed/removed all connections.
2024-06-20 11:59:31 INFO  UserInfoDaoImpl:50 - userTotalCount
2024-06-20 11:59:31 DEBUG JdbcTransaction:143 - Opening JDBC Connection
2024-06-20 11:59:31 DEBUG PooledDataSource:448 - Created connection 257459516.
2024-06-20 11:59:31 DEBUG JdbcTransaction:107 - Setting autocommit to false on JDBC Connection [oracle.jdbc.driver.T4CConnection@f58853c]
2024-06-20 11:59:31 DEBUG userTotalCount:137 - ==>  Preparing: SELECT COUNT(*) FROM EMPINFO e
2024-06-20 11:59:31 DEBUG userTotalCount:137 - ==> Parameters: 
2024-06-20 12:00:24 DEBUG LogFactory:109 - Logging initialized using 'class org.apache.ibatis.logging.slf4j.Slf4jImpl' adapter.
2024-06-20 12:00:24 DEBUG PooledDataSource:373 - PooledDataSource forcefully closed/removed all connections.
2024-06-20 12:00:24 DEBUG PooledDataSource:373 - PooledDataSource forcefully closed/removed all connections.
2024-06-20 12:00:24 DEBUG PooledDataSource:373 - PooledDataSource forcefully closed/removed all connections.
2024-06-20 12:00:24 DEBUG PooledDataSource:373 - PooledDataSource forcefully closed/removed all connections.
2024-06-20 12:00:24 INFO  UserInfoDaoImpl:50 - userTotalCount
2024-06-20 12:00:24 DEBUG JdbcTransaction:143 - Opening JDBC Connection
2024-06-20 12:00:25 DEBUG PooledDataSource:448 - Created connection 257459516.
2024-06-20 12:00:25 DEBUG JdbcTransaction:107 - Setting autocommit to false on JDBC Connection [oracle.jdbc.driver.T4CConnection@f58853c]
2024-06-20 12:00:25 DEBUG userTotalCount:137 - ==>  Preparing: SELECT COUNT(*) FROM EMPINFO e
2024-06-20 12:00:25 DEBUG userTotalCount:137 - ==> Parameters: 
2024-06-20 12:00:25 TRACE userTotalCount:143 - <==    Columns: COUNT(*)
2024-06-20 12:00:25 TRACE userTotalCount:143 - <==        Row: 3
2024-06-20 12:00:25 DEBUG userTotalCount:137 - <==      Total: 1
2024-06-20 12:02:45 DEBUG LogFactory:109 - Logging initialized using 'class org.apache.ibatis.logging.slf4j.Slf4jImpl' adapter.
2024-06-20 12:02:45 DEBUG PooledDataSource:373 - PooledDataSource forcefully closed/removed all connections.
2024-06-20 12:02:45 DEBUG PooledDataSource:373 - PooledDataSource forcefully closed/removed all connections.
2024-06-20 12:02:45 DEBUG PooledDataSource:373 - PooledDataSource forcefully closed/removed all connections.
2024-06-20 12:02:45 DEBUG PooledDataSource:373 - PooledDataSource forcefully closed/removed all connections.
2024-06-20 12:02:45 INFO  UserInfoDaoImpl:57 - ì‚¬ìš©ìž ì‚­ì œ :ë°”ë³´
2024-06-20 12:02:45 DEBUG JdbcTransaction:143 - Opening JDBC Connection
2024-06-20 12:02:45 DEBUG PooledDataSource:448 - Created connection 1954985045.
2024-06-20 12:02:45 DEBUG delUser:137 - ==>  Preparing: UPDATE EMPINFO e SET ENABLE='N' WHERE ID = ?
2024-06-20 12:02:45 DEBUG delUser:137 - ==> Parameters: ë°”ë³´(String)
2024-06-20 12:02:45 DEBUG delUser:137 - <==    Updates: 1
2024-06-20 12:03:30 DEBUG LogFactory:109 - Logging initialized using 'class org.apache.ibatis.logging.slf4j.Slf4jImpl' adapter.
2024-06-20 12:03:30 DEBUG PooledDataSource:373 - PooledDataSource forcefully closed/removed all connections.
2024-06-20 12:03:30 DEBUG PooledDataSource:373 - PooledDataSource forcefully closed/removed all connections.
2024-06-20 12:03:30 DEBUG PooledDataSource:373 - PooledDataSource forcefully closed/removed all connections.
2024-06-20 12:03:30 DEBUG PooledDataSource:373 - PooledDataSource forcefully closed/removed all connections.
2024-06-20 12:03:30 INFO  UserInfoDaoImpl:71 - ì‚¬ìš©ìž ì‚­ì œ :ë°”ë³´
2024-06-20 12:03:30 DEBUG JdbcTransaction:143 - Opening JDBC Connection
2024-06-20 12:03:30 DEBUG PooledDataSource:448 - Created connection 1954985045.
2024-06-20 12:03:30 DEBUG noUser:137 - ==>  Preparing: UPDATE EMPINFO e SET ENABLE='F' WHERE ID = ?
2024-06-20 12:03:30 DEBUG noUser:137 - ==> Parameters: ë°”ë³´(String)
2024-06-20 12:03:30 DEBUG noUser:137 - <==    Updates: 1
2024-06-20 12:03:41 DEBUG LogFactory:109 - Logging initialized using 'class org.apache.ibatis.logging.slf4j.Slf4jImpl' adapter.
2024-06-20 12:03:41 DEBUG PooledDataSource:373 - PooledDataSource forcefully closed/removed all connections.
2024-06-20 12:03:41 DEBUG PooledDataSource:373 - PooledDataSource forcefully closed/removed all connections.
2024-06-20 12:03:41 DEBUG PooledDataSource:373 - PooledDataSource forcefully closed/removed all connections.
2024-06-20 12:03:41 DEBUG PooledDataSource:373 - PooledDataSource forcefully closed/removed all connections.
2024-06-20 12:03:41 INFO  UserInfoDaoImpl:64 - ì‚¬ìš©ìž ì‚­ì œ :ë°”ë³´
2024-06-20 12:03:41 DEBUG JdbcTransaction:143 - Opening JDBC Connection
2024-06-20 12:03:41 DEBUG PooledDataSource:448 - Created connection 1954985045.
2024-06-20 12:03:41 DEBUG okUser:137 - ==>  Preparing: UPDATE EMPINFO e SET ENABLE='Y' WHERE ID = ?
2024-06-20 12:03:41 DEBUG okUser:137 - ==> Parameters: ë°”ë³´(String)
2024-06-20 12:03:41 DEBUG okUser:137 - <==    Updates: 1
2024-06-20 12:42:09 DEBUG LogFactory:109 - Logging initialized using 'class org.apache.ibatis.logging.slf4j.Slf4jImpl' adapter.
2024-06-20 12:42:09 DEBUG PooledDataSource:373 - PooledDataSource forcefully closed/removed all connections.
2024-06-20 12:42:09 DEBUG PooledDataSource:373 - PooledDataSource forcefully closed/removed all connections.
2024-06-20 12:42:09 DEBUG PooledDataSource:373 - PooledDataSource forcefully closed/removed all connections.
2024-06-20 12:42:09 DEBUG PooledDataSource:373 - PooledDataSource forcefully closed/removed all connections.
2024-06-20 12:42:09 INFO  BoardDaoImpl:22 - BoardDaoImpl selectAllBoard
2024-06-20 12:42:09 DEBUG JdbcTransaction:143 - Opening JDBC Connection
2024-06-20 12:42:09 DEBUG PooledDataSource:448 - Created connection 310016558.
2024-06-20 12:42:09 DEBUG JdbcTransaction:107 - Setting autocommit to false on JDBC Connection [oracle.jdbc.driver.T4CConnection@127a7a2e]
2024-06-20 12:42:09 DEBUG selectAllBoard:137 - ==>  Preparing: SELECT SEQ, ID, TITLE, CONTENT, DELFLAG, CREATEAT FROM( SELECT SEQ, ID, TITLE, CONTENT, DELFLAG, TO_CHAR(CREATEAT, 'YYYY-MM-DD HH:MI:SS') AS CREATEAT, ROW_NUMBER() OVER(ORDER BY SEQ DESC) RN FROM EDUBOARD ) WHERE RN BETWEEN ? AND ?
2024-06-20 12:42:09 DEBUG selectAllBoard:137 - ==> Parameters: 1(Integer), 5(Integer)
2024-06-20 12:42:09 TRACE selectAllBoard:143 - <==    Columns: SEQ, ID, TITLE, CONTENT, DELFLAG, CREATEAT
2024-06-20 12:42:09 TRACE selectAllBoard:143 - <==        Row: 39, ADMIN, ÇìÇì, ¹Ùº¸ÀÚ½Ä ¸Þ·Õ, N, 2024-06-19 12:38:21
2024-06-20 12:42:09 TRACE selectAllBoard:143 - <==        Row: 38, ¹Ùº¸, ddd, dd, N, 2024-06-19 11:52:22
2024-06-20 12:42:09 TRACE selectAllBoard:143 - <==        Row: 37, ¹Ùº¸, ±ÛÁ¦¸ñ, ±Û³»¿ë, Y, 2024-06-19 09:21:28
2024-06-20 12:42:09 TRACE selectAllBoard:143 - <==        Row: 36, ¹Ùº¸, ±ÛÁ¦¸ñ, ±Û³»¿ë, Y, 2024-06-19 09:21:27
2024-06-20 12:42:09 TRACE selectAllBoard:143 - <==        Row: 35, ¹Ùº¸, ±ÛÁ¦¸ñ, ±Û³»¿ë, Y, 2024-06-19 09:21:26
2024-06-20 12:42:09 DEBUG selectAllBoard:137 - <==      Total: 5
2024-06-20 12:42:09 INFO  UserInfoDaoImpl:64 - »ç¿ëÀÚ »èÁ¦ :¹Ùº¸
2024-06-20 12:42:09 DEBUG JdbcTransaction:143 - Opening JDBC Connection
2024-06-20 12:42:09 DEBUG PooledDataSource:448 - Created connection 26357357.
2024-06-20 12:42:09 DEBUG okUser:137 - ==>  Preparing: UPDATE EMPINFO e SET ENABLE='Y' WHERE ID = ?
2024-06-20 12:42:09 DEBUG okUser:137 - ==> Parameters: ¹Ùº¸(String)
2024-06-20 12:42:09 DEBUG okUser:137 - <==    Updates: 1
